Build started 02-Sep-14 1:28:52 AM.
     1>Project "C:\Users\HDENVY\Documents\GitHub\aibot\build\VisualStudio\AIPU\AIPU.vcxproj" on node 2 (Build target(s)).
     1>ClCompile:
         C:\Program Files (x86)\Microsoft Visual Studio 12.0\VC\bin\CL.exe /c /I..\..\..\src /I..\..\..\ext\sphinxbase\include /I..\..\..\ext\pocketsphinx\include /I..\..\..\ext\rebecca\include /IC:\DevelopmentTools\include /ZI /nologo /W3 /WX- /sdl /Od /Oy- /D _CRT_SECURE_NO_WARNINGS /D AIBOT_ENTRY_POINTS /D WIN32 /D _DEBUG /D _CONSOLE /D _LIB /D _MBCS /Gm /EHsc /RTC1 /MDd /GS /fp:precise /Zc:wchar_t /Zc:forScope /Fo"Debug\\" /Fd"Debug\vc120.pdb" /Gd /TP /analyze- /errorReport:prompt continuous.cpp ForceSensor.cpp rebecca.cpp RobotLeftArm.cpp Main.cpp RobotMotionBase.cpp RobotNeck.cpp RobotRightArm.cpp RobotStructure.cpp Servo.cpp ShortTermMemory.cpp STMRecord.cpp RobotTorso.cpp
         RobotTorso.cpp
         STMRecord.cpp
     1>c:\users\hdenvy\documents\github\aibot\build\visualstudio\aipu\stmrecord.h(64): warning C4244: 'return' : conversion from '__int64' to 'int', possible loss of data
     1>c:\users\hdenvy\documents\github\aibot\build\visualstudio\aipu\stmrecord.cpp(23): warning C4244: '=' : conversion from 'int' to 'float', possible loss of data
         ShortTermMemory.cpp
     1>c:\users\hdenvy\documents\github\aibot\build\visualstudio\aipu\stmrecord.h(64): warning C4244: 'return' : conversion from '__int64' to 'int', possible loss of data
     1>c:\users\hdenvy\documents\github\aibot\build\visualstudio\aipu\shorttermmemory.h(54): warning C4244: 'return' : conversion from '__int64' to 'int', possible loss of data
         Servo.cpp
     1>c:\users\hdenvy\documents\github\aibot\build\visualstudio\aipu\servo.cpp(90): warning C4800: 'int' : forcing value to bool 'true' or 'false' (performance warning)
         RobotStructure.cpp
         RobotRightArm.cpp
         RobotNeck.cpp
         RobotMotionBase.cpp
         Main.cpp
     1>c:\users\hdenvy\documents\github\aibot\build\visualstudio\aipu\stmrecord.h(64): warning C4244: 'return' : conversion from '__int64' to 'int', possible loss of data
     1>c:\users\hdenvy\documents\github\aibot\build\visualstudio\aipu\shorttermmemory.h(54): warning C4244: 'return' : conversion from '__int64' to 'int', possible loss of data
     1>c:\users\hdenvy\documents\github\aibot\build\visualstudio\aipu\main.cpp(186): warning C4018: '<' : signed/unsigned mismatch
     1>c:\users\hdenvy\documents\github\aibot\build\visualstudio\aipu\main.cpp(214): warning C4101: 'message' : unreferenced local variable
     1>c:\users\hdenvy\documents\github\aibot\build\visualstudio\aipu\main.cpp(348): warning C4101: 'message' : unreferenced local variable
     1>c:\users\hdenvy\documents\github\aibot\build\visualstudio\aipu\main.cpp(397): warning C4101: 'iSendResult' : unreferenced local variable
     1>c:\users\hdenvy\documents\github\aibot\build\visualstudio\aipu\main.cpp(501): warning C4244: 'initializing' : conversion from 'float64' to 'float', possible loss of data
     1>c:\users\hdenvy\documents\github\aibot\build\visualstudio\aipu\main.cpp(504): warning C4244: 'argument' : conversion from 'float' to 'int', possible loss of data
     1>c:\users\hdenvy\documents\github\aibot\build\visualstudio\aipu\main.cpp(648): warning C4244: 'initializing' : conversion from 'double' to 'int', possible loss of data
     1>c:\users\hdenvy\documents\github\aibot\build\visualstudio\aipu\main.cpp(649): warning C4244: 'initializing' : conversion from 'double' to 'int', possible loss of data
         RobotLeftArm.cpp
         rebecca.cpp
         ForceSensor.cpp
         continuous.cpp
     1>c:\users\hdenvy\documents\github\aibot\build\visualstudio\aipu\continuous.cpp(96): warning C4244: '=' : conversion from 'float64' to 'float', possible loss of data
     1>c:\users\hdenvy\documents\github\aibot\build\visualstudio\aipu\continuous.cpp(146): warning C4244: '=' : conversion from 'double' to 'int32', possible loss of data
         Generating Code...
       Link:
         C:\Program Files (x86)\Microsoft Visual Studio 12.0\VC\bin\link.exe /ERRORREPORT:PROMPT /OUT:"C:\Users\HDENVY\Documents\GitHub\aibot\build\VisualStudio\\bin\Debug\AIPU.exe" /INCREMENTAL /NOLOGO /LIBPATH:C:\Users\HDENVY\Documents\GitHub\aibot\build\VisualStudio\\bin\Debug\ /LIBPATH:C:\DevelopmentTools\lib opencv_core249d.lib opencv_imgproc249d.lib opencv_highgui249d.lib opencv_ml249d.lib opencv_video249d.lib opencv_features2d249d.lib opencv_calib3d249d.lib opencv_objdetect249d.lib opencv_contrib249d.lib opencv_legacy249d.lib opencv_flann249d.lib rebecca.lib pocketsphinx.lib sphinxbase.lib kernel32.lib user32.lib gdi32.lib winspool.lib comdlg32.lib advapi32.lib shell32.lib ole32.lib oleaut32.lib uuid.lib odbc32.lib odbccp32.lib kernel32.lib user32.lib gdi32.lib winspool.lib comdlg32.lib advapi32.lib shell32.lib ole32.lib oleaut32.lib uuid.lib odbc32.lib odbccp32.lib /MANIFEST /MANIFESTUAC:"level='asInvoker' uiAccess='false'" /manifest:embed /DEBUG /PDB:"C:\Users\HDENVY\Documents\GitHub\aibot\build\VisualStudio\\bin\Debug\AIPU.pdb" /TLBID:1 /DYNAMICBASE /NXCOMPAT /IMPLIB:"C:\Users\HDENVY\Documents\GitHub\aibot\build\VisualStudio\\bin\Debug\AIPU.lib" /MACHINE:X86 Debug\continuous.obj
         Debug\ForceSensor.obj
         Debug\rebecca.obj
         Debug\RobotLeftArm.obj
         Debug\Main.obj
         Debug\RobotMotionBase.obj
         Debug\RobotNeck.obj
         Debug\RobotRightArm.obj
         Debug\RobotStructure.obj
         Debug\Servo.obj
         Debug\ShortTermMemory.obj
         Debug\STMRecord.obj
         Debug\RobotTorso.obj
         AIPU.vcxproj -> C:\Users\HDENVY\Documents\GitHub\aibot\build\VisualStudio\\bin\Debug\AIPU.exe
     1>Done Building Project "C:\Users\HDENVY\Documents\GitHub\aibot\build\VisualStudio\AIPU\AIPU.vcxproj" (Build target(s)).

Build succeeded.

Time Elapsed 00:00:10.29
